<?xml version="1.0" encoding="UTF-8"?>
<testng-results total="1" passed="1" failed="0" skipped="0">
  <reporter-output>
  </reporter-output>
  <suite started-at="2024-05-28T07:27:44Z" name="Default suite" finished-at="2024-05-28T07:27:44Z" duration-ms="312">
    <groups>
    </groups>
    <test started-at="2024-05-28T07:27:44Z" name="Default test" finished-at="2024-05-28T07:27:44Z" duration-ms="312">
      <class name="jxl_operations.JXL_Read">
        <test-method signature="read()[pri:0, instance:jxl_operations.JXL_Read@6d07a63d]" started-at="2024-05-28T12:57:44Z" name="read" finished-at="2024-05-28T12:57:44Z" duration-ms="276" status="PASS">
          <reporter-output>
          </reporter-output>
        </test-method> <!-- read -->
      </class> <!-- jxl_operations.JXL_Read -->
    </test> <!-- Default test -->
  </suite> <!-- Default suite -->
</testng-results>
